<?xml version="1.0" encoding="UTF-8"?>
<testsuite name="springbootpart1.UserServiceImlTest" tests="3" skipped="0" failures="0" errors="0" timestamp="2020-04-17T19:43:02" hostname="ngwako-Inspiron-15-3567" time="0.305">
  <properties/>
  <testcase name="addUser()" classname="springbootpart1.UserServiceImlTest" time="0.296"/>
  <testcase name="getUser()" classname="springbootpart1.UserServiceImlTest" time="0.004"/>
  <testcase name="removeUser()" classname="springbootpart1.UserServiceImlTest" time="0.003"/>
  <system-out><![CDATA[21:43:00.125 [Test worker] DEBUG org.springframework.test.context.BootstrapUtils - Instantiating CacheAwareContextLoaderDelegate from class [org.springframework.test.context.cache.DefaultCacheAwareContextLoaderDelegate]
21:43:00.139 [Test worker] DEBUG org.springframework.test.context.BootstrapUtils - Instantiating BootstrapContext using constructor [public org.springframework.test.context.support.DefaultBootstrapContext(java.lang.Class,org.springframework.test.context.CacheAwareContextLoaderDelegate)]
21:43:00.172 [Test worker] DEBUG org.springframework.test.context.BootstrapUtils - Instantiating TestContextBootstrapper for test class [springbootpart1.UserServiceImlTest] from class [org.springframework.boot.test.context.SpringBootTestContextBootstrapper]
21:43:00.185 [Test worker] INFO org.springframework.boot.test.context.SpringBootTestContextBootstrapper - Neither @ContextConfiguration nor @ContextHierarchy found for test class [springbootpart1.UserServiceImlTest], using SpringBootContextLoader
21:43:00.188 [Test worker] DEBUG org.springframework.test.context.support.AbstractContextLoader - Did not detect default resource location for test class [springbootpart1.UserServiceImlTest]: class path resource [springbootpart1/UserServiceImlTest-context.xml] does not exist
21:43:00.189 [Test worker] DEBUG org.springframework.test.context.support.AbstractContextLoader - Did not detect default resource location for test class [springbootpart1.UserServiceImlTest]: class path resource [springbootpart1/UserServiceImlTestContext.groovy] does not exist
21:43:00.190 [Test worker] INFO org.springframework.test.context.support.AbstractContextLoader - Could not detect default resource locations for test class [springbootpart1.UserServiceImlTest]: no resource found for suffixes {-context.xml, Context.groovy}.
21:43:00.229 [Test worker] DEBUG org.springframework.test.context.support.ActiveProfilesUtils - Could not find an 'annotation declaring class' for annotation type [org.springframework.test.context.ActiveProfiles] and class [springbootpart1.UserServiceImlTest]
21:43:00.325 [Test worker] DEBUG org.springframework.boot.test.context.SpringBootTestContextBootstrapper - @TestExecutionListeners is not present for class [springbootpart1.UserServiceImlTest]: using defaults.
21:43:00.326 [Test worker] INFO org.springframework.boot.test.context.SpringBootTestContextBootstrapper - Loaded default TestExecutionListener class names from location [META-INF/spring.factories]: [org.springframework.boot.test.autoconfigure.restdocs.RestDocsTestExecutionListener, org.springframework.boot.test.autoconfigure.web.client.MockRestServiceServerResetTestExecutionListener, org.springframework.boot.test.autoconfigure.web.servlet.MockMvcPrintOnlyOnFailureTestExecutionListener, org.springframework.boot.test.autoconfigure.web.servlet.WebDriverTestExecutionListener, org.springframework.boot.test.mock.mockito.MockitoTestExecutionListener, org.springframework.boot.test.mock.mockito.ResetMocksTestExecutionListener, org.springframework.test.context.web.ServletTestExecutionListener, org.springframework.test.context.support.DirtiesContextBeforeModesTestExecutionListener, org.springframework.test.context.support.DependencyInjectionTestExecutionListener, org.springframework.test.context.support.DirtiesContextTestExecutionListener, org.springframework.test.context.transaction.TransactionalTestExecutionListener, org.springframework.test.context.jdbc.SqlScriptsTestExecutionListener, org.springframework.test.context.event.EventPublishingTestExecutionListener]
21:43:00.337 [Test worker] DEBUG org.springframework.boot.test.context.SpringBootTestContextBootstrapper - Skipping candidate TestExecutionListener [org.springframework.test.context.transaction.TransactionalTestExecutionListener] due to a missing dependency. Specify custom listener classes or make the default listener classes and their required dependencies available. Offending class: [org/springframework/transaction/interceptor/TransactionAttributeSource]
21:43:00.338 [Test worker] DEBUG org.springframework.boot.test.context.SpringBootTestContextBootstrapper - Skipping candidate TestExecutionListener [org.springframework.test.context.jdbc.SqlScriptsTestExecutionListener] due to a missing dependency. Specify custom listener classes or make the default listener classes and their required dependencies available. Offending class: [org/springframework/transaction/interceptor/TransactionAttribute]
21:43:00.339 [Test worker] INFO org.springframework.boot.test.context.SpringBootTestContextBootstrapper - Using TestExecutionListeners: [org.springframework.test.context.web.ServletTestExecutionListener@249795a6, org.springframework.test.context.support.DirtiesContextBeforeModesTestExecutionListener@5190f6f5, org.springframework.boot.test.mock.mockito.MockitoTestExecutionListener@411dab79, org.springframework.boot.test.autoconfigure.SpringBootDependencyInjectionTestExecutionListener@2ed4fe4e, org.springframework.test.context.support.DirtiesContextTestExecutionListener@36f67497, org.springframework.test.context.event.EventPublishingTestExecutionListener@60071be2, org.springframework.boot.test.autoconfigure.restdocs.RestDocsTestExecutionListener@4ced32f8, org.springframework.boot.test.autoconfigure.web.client.MockRestServiceServerResetTestExecutionListener@45c283a5, org.springframework.boot.test.autoconfigure.web.servlet.MockMvcPrintOnlyOnFailureTestExecutionListener@40950546, org.springframework.boot.test.autoconfigure.web.servlet.WebDriverTestExecutionListener@1815cebd, org.springframework.boot.test.mock.mockito.ResetMocksTestExecutionListener@3dca55b5]
21:43:00.345 [Test worker] DEBUG org.springframework.test.context.support.AbstractDirtiesContextTestExecutionListener - Before test class: context [DefaultTestContext@2a72eca4 testClass = UserServiceImlTest, testInstance = [null], testMethod = [null], testException = [null], mergedContextConfiguration = [WebMergedContextConfiguration@1ebda1cb testClass = UserServiceImlTest, locations = '{}', classes = '{class springbootpart1.MyApplication, class springbootpart1.MyApplication}', contextInitializerClasses = '[]', activeProfiles = '{}', propertySourceLocations = '{}', propertySourceProperties = '{org.springframework.boot.test.context.SpringBootTestContextBootstrapper=true}', contextCustomizers = set[org.springframework.boot.test.autoconfigure.properties.PropertyMappingContextCustomizer@0, org.springframework.boot.test.autoconfigure.web.servlet.WebDriverContextCustomizerFactory$Customizer@6814e955, org.springframework.boot.test.context.filter.ExcludeFilterContextCustomizer@630d27e1, org.springframework.boot.test.json.DuplicateJsonObjectContextCustomizerFactory$DuplicateJsonObjectContextCustomizer@2ded374f, org.springframework.boot.test.mock.mockito.MockitoContextCustomizer@0, org.springframework.boot.test.web.client.TestRestTemplateContextCustomizer@39d8253f], resourceBasePath = 'src/main/webapp', contextLoader = 'org.springframework.boot.test.context.SpringBootContextLoader', parent = [null]], attributes = map['org.springframework.test.context.web.ServletTestExecutionListener.activateListener' -> true]], class annotated with @DirtiesContext [false] with mode [null].
21:43:00.377 [Test worker] DEBUG org.springframework.test.context.support.TestPropertySourceUtils - Adding inlined properties to environment: {spring.jmx.enabled=false, org.springframework.boot.test.context.SpringBootTestContextBootstrapper=true, server.port=-1}

  .   ____          _            __ _ _
 /\\ / ___'_ __ _ _(_)_ __  __ _ \ \ \ \
( ( )\___ | '_ | '_| | '_ \/ _` | \ \ \ \
 \\/  ___)| |_)| | | | | || (_| |  ) ) ) )
  '  |____| .__|_| |_|_| |_\__, | / / / /
 =========|_|==============|___/=/_/_/_/
 :: Spring Boot ::        (v2.2.6.RELEASE)

2020-04-17 21:43:00.706  INFO 17676 --- [    Test worker] springbootpart1.UserServiceImlTest       : Starting UserServiceImlTest on ngwako-Inspiron-15-3567 with PID 17676 (started by ngwako in /home/ngwako/SPRING -BOOT-PART1)
2020-04-17 21:43:00.709  INFO 17676 --- [    Test worker] springbootpart1.UserServiceImlTest       : No active profile set, falling back to default profiles: default
2020-04-17 21:43:02.127  INFO 17676 --- [    Test worker] o.s.s.concurrent.ThreadPoolTaskExecutor  : Initializing ExecutorService 'applicationTaskExecutor'
2020-04-17 21:43:02.406  INFO 17676 --- [    Test worker] springbootpart1.UserServiceImlTest       : Started UserServiceImlTest in 2.016 seconds (JVM running for 3.104)
]]></system-out>
  <system-err><![CDATA[]]></system-err>
</testsuite>
